d:\yitian\depth rendering proj supplemental materials\chai3d-3.0.0\modules\ode\obj\debug\win32\collision_cylinder_box.obj
d:\yitian\depth rendering proj supplemental materials\chai3d-3.0.0\modules\ode\obj\debug\win32\collision_cylinder_sphere.obj
d:\yitian\depth rendering proj supplemental materials\chai3d-3.0.0\modules\ode\obj\debug\win32\collision_sapspace.obj
d:\yitian\depth rendering proj supplemental materials\chai3d-3.0.0\modules\ode\obj\debug\win32\collision_transform.obj
d:\yitian\depth rendering proj supplemental materials\chai3d-3.0.0\modules\ode\obj\debug\win32\collision_trimesh_ccylinder.obj
d:\yitian\depth rendering proj supplemental materials\chai3d-3.0.0\modules\ode\obj\debug\win32\collision_trimesh_opcode.obj
d:\yitian\depth rendering proj supplemental materials\chai3d-3.0.0\modules\ode\obj\debug\win32\convex.obj
d:\yitian\depth rendering proj supplemental materials\chai3d-3.0.0\modules\ode\obj\debug\win32\export-dif.obj
d:\yitian\depth rendering proj supplemental materials\chai3d-3.0.0\modules\ode\obj\debug\win32\joint.obj
d:\yitian\depth rendering proj supplemental materials\chai3d-3.0.0\modules\ode\obj\debug\win32\slider.obj
d:\yitian\depth rendering proj supplemental materials\chai3d-3.0.0\modules\ode\obj\debug\win32\mat.obj
d:\yitian\depth rendering proj supplemental materials\chai3d-3.0.0\modules\ode\obj\debug\win32\misc.obj
d:\yitian\depth rendering proj supplemental materials\chai3d-3.0.0\modules\ode\obj\debug\win32\odeinit.obj
d:\yitian\depth rendering proj supplemental materials\chai3d-3.0.0\modules\ode\obj\debug\win32\ray.obj
d:\yitian\depth rendering proj supplemental materials\chai3d-3.0.0\modules\ode\obj\debug\win32\stepfast.obj
d:\yitian\depth rendering proj supplemental materials\chai3d-3.0.0\modules\ode\obj\debug\win32\icecontainer.obj
d:\yitian\depth rendering proj supplemental materials\chai3d-3.0.0\modules\ode\obj\debug\win32\icematrix4x4.obj
d:\yitian\depth rendering proj supplemental materials\chai3d-3.0.0\modules\ode\obj\debug\win32\icepoint.obj
d:\yitian\depth rendering proj supplemental materials\chai3d-3.0.0\modules\ode\obj\debug\win32\icesegment.obj
d:\yitian\depth rendering proj supplemental materials\chai3d-3.0.0\modules\ode\obj\debug\win32\opc_aabbcollider.obj
d:\yitian\depth rendering proj supplemental materials\chai3d-3.0.0\modules\ode\obj\debug\win32\opc_hybridmodel.obj
d:\yitian\depth rendering proj supplemental materials\chai3d-3.0.0\modules\ode\obj\debug\win32\opc_obbcollider.obj
d:\yitian\depth rendering proj supplemental materials\chai3d-3.0.0\modules\ode\obj\debug\win32\opc_raycollider.obj
d:\yitian\depth rendering proj supplemental materials\chai3d-3.0.0\modules\ode\obj\debug\win32\opc_volumecollider.obj
d:\yitian\depth rendering proj supplemental materials\chai3d-3.0.0\modules\ode\obj\debug\win32\capsule.obj
d:\yitian\depth rendering proj supplemental materials\chai3d-3.0.0\modules\ode\obj\debug\win32\collision_quadtreespace.obj
d:\yitian\depth rendering proj supplemental materials\chai3d-3.0.0\modules\ode\obj\debug\win32\collision_space.obj
d:\yitian\depth rendering proj supplemental materials\chai3d-3.0.0\modules\ode\obj\debug\win32\collision_trimesh_box.obj
d:\yitian\depth rendering proj supplemental materials\chai3d-3.0.0\modules\ode\obj\debug\win32\collision_trimesh_sphere.obj
d:\yitian\depth rendering proj supplemental materials\chai3d-3.0.0\modules\ode\obj\debug\win32\collision_trimesh_trimesh.obj
d:\yitian\depth rendering proj supplemental materials\chai3d-3.0.0\modules\ode\obj\debug\win32\collision_util.obj
d:\yitian\depth rendering proj supplemental materials\chai3d-3.0.0\modules\ode\obj\debug\win32\error.obj
d:\yitian\depth rendering proj supplemental materials\chai3d-3.0.0\modules\ode\obj\debug\win32\ball.obj
d:\yitian\depth rendering proj supplemental materials\chai3d-3.0.0\modules\ode\obj\debug\win32\hinge.obj
d:\yitian\depth rendering proj supplemental materials\chai3d-3.0.0\modules\ode\obj\debug\win32\null.obj
d:\yitian\depth rendering proj supplemental materials\chai3d-3.0.0\modules\ode\obj\debug\win32\pu.obj
d:\yitian\depth rendering proj supplemental materials\chai3d-3.0.0\modules\ode\obj\debug\win32\lcp.obj
d:\yitian\depth rendering proj supplemental materials\chai3d-3.0.0\modules\ode\obj\debug\win32\memory.obj
d:\yitian\depth rendering proj supplemental materials\chai3d-3.0.0\modules\ode\obj\debug\win32\obstack.obj
d:\yitian\depth rendering proj supplemental materials\chai3d-3.0.0\modules\ode\obj\debug\win32\odemath.obj
d:\yitian\depth rendering proj supplemental materials\chai3d-3.0.0\modules\ode\obj\debug\win32\odeou.obj
d:\yitian\depth rendering proj supplemental materials\chai3d-3.0.0\modules\ode\obj\debug\win32\plane.obj
d:\yitian\depth rendering proj supplemental materials\chai3d-3.0.0\modules\ode\obj\debug\win32\rotation.obj
d:\yitian\depth rendering proj supplemental materials\chai3d-3.0.0\modules\ode\obj\debug\win32\step.obj
d:\yitian\depth rendering proj supplemental materials\chai3d-3.0.0\modules\ode\obj\debug\win32\util.obj
d:\yitian\depth rendering proj supplemental materials\chai3d-3.0.0\modules\ode\obj\debug\win32\iceindexedtriangle.obj
d:\yitian\depth rendering proj supplemental materials\chai3d-3.0.0\modules\ode\obj\debug\win32\icerandom.obj
d:\yitian\depth rendering proj supplemental materials\chai3d-3.0.0\modules\ode\obj\debug\win32\icetriangle.obj
d:\yitian\depth rendering proj supplemental materials\chai3d-3.0.0\modules\ode\obj\debug\win32\opc_aabbtree.obj
d:\yitian\depth rendering proj supplemental materials\chai3d-3.0.0\modules\ode\obj\debug\win32\opc_common.obj
d:\yitian\depth rendering proj supplemental materials\chai3d-3.0.0\modules\ode\obj\debug\win32\opc_model.obj
d:\yitian\depth rendering proj supplemental materials\chai3d-3.0.0\modules\ode\obj\debug\win32\opc_planescollider.obj
d:\yitian\depth rendering proj supplemental materials\chai3d-3.0.0\modules\ode\obj\debug\win32\opc_treecollider.obj
d:\yitian\depth rendering proj supplemental materials\chai3d-3.0.0\modules\ode\obj\debug\win32\array.obj
d:\yitian\depth rendering proj supplemental materials\chai3d-3.0.0\modules\ode\obj\debug\win32\collision_cylinder_plane.obj
d:\yitian\depth rendering proj supplemental materials\chai3d-3.0.0\modules\ode\obj\debug\win32\collision_kernel.obj
d:\yitian\depth rendering proj supplemental materials\chai3d-3.0.0\modules\ode\obj\debug\win32\collision_trimesh_distance.obj
d:\yitian\depth rendering proj supplemental materials\chai3d-3.0.0\modules\ode\obj\debug\win32\collision_trimesh_plane.obj
d:\yitian\depth rendering proj supplemental materials\chai3d-3.0.0\modules\ode\obj\debug\win32\collision_trimesh_trimesh_new.obj
d:\yitian\depth rendering proj supplemental materials\chai3d-3.0.0\modules\ode\obj\debug\win32\contact.obj
d:\yitian\depth rendering proj supplemental materials\chai3d-3.0.0\modules\ode\obj\debug\win32\hinge2.obj
d:\yitian\depth rendering proj supplemental materials\chai3d-3.0.0\modules\ode\obj\debug\win32\piston.obj
d:\yitian\depth rendering proj supplemental materials\chai3d-3.0.0\modules\ode\obj\debug\win32\pr.obj
d:\yitian\depth rendering proj supplemental materials\chai3d-3.0.0\modules\ode\obj\debug\win32\mass.obj
d:\yitian\depth rendering proj supplemental materials\chai3d-3.0.0\modules\ode\obj\debug\win32\odetls.obj
d:\yitian\depth rendering proj supplemental materials\chai3d-3.0.0\modules\ode\obj\debug\win32\timer.obj
d:\yitian\depth rendering proj supplemental materials\chai3d-3.0.0\modules\ode\obj\debug\win32\icehpoint.obj
d:\yitian\depth rendering proj supplemental materials\chai3d-3.0.0\modules\ode\obj\debug\win32\iceobb.obj
d:\yitian\depth rendering proj supplemental materials\chai3d-3.0.0\modules\ode\obj\debug\win32\iceray.obj
d:\yitian\depth rendering proj supplemental materials\chai3d-3.0.0\modules\ode\obj\debug\win32\iceutils.obj
d:\yitian\depth rendering proj supplemental materials\chai3d-3.0.0\modules\ode\obj\debug\win32\opc_basemodel.obj
d:\yitian\depth rendering proj supplemental materials\chai3d-3.0.0\modules\ode\obj\debug\win32\opc_lsscollider.obj
d:\yitian\depth rendering proj supplemental materials\chai3d-3.0.0\modules\ode\obj\debug\win32\opc_optimizedtree.obj
d:\yitian\depth rendering proj supplemental materials\chai3d-3.0.0\modules\ode\obj\debug\win32\opc_spherecollider.obj
d:\yitian\depth rendering proj supplemental materials\chai3d-3.0.0\modules\ode\obj\debug\win32\codegenericbody.obj
d:\yitian\depth rendering proj supplemental materials\chai3d-3.0.0\modules\ode\obj\debug\win32\box.obj
d:\yitian\depth rendering proj supplemental materials\chai3d-3.0.0\modules\ode\obj\debug\win32\collision_cylinder_trimesh.obj
d:\yitian\depth rendering proj supplemental materials\chai3d-3.0.0\modules\ode\obj\debug\win32\collision_trimesh_disabled.obj
d:\yitian\depth rendering proj supplemental materials\chai3d-3.0.0\modules\ode\obj\debug\win32\collision_trimesh_gimpact.obj
d:\yitian\depth rendering proj supplemental materials\chai3d-3.0.0\modules\ode\obj\debug\win32\collision_trimesh_ray.obj
d:\yitian\depth rendering proj supplemental materials\chai3d-3.0.0\modules\ode\obj\debug\win32\cylinder.obj
d:\yitian\depth rendering proj supplemental materials\chai3d-3.0.0\modules\ode\obj\debug\win32\heightfield.obj
d:\yitian\depth rendering proj supplemental materials\chai3d-3.0.0\modules\ode\obj\debug\win32\amotor.obj
d:\yitian\depth rendering proj supplemental materials\chai3d-3.0.0\modules\ode\obj\debug\win32\fixed.obj
d:\yitian\depth rendering proj supplemental materials\chai3d-3.0.0\modules\ode\obj\debug\win32\lmotor.obj
d:\yitian\depth rendering proj supplemental materials\chai3d-3.0.0\modules\ode\obj\debug\win32\plane2d.obj
d:\yitian\depth rendering proj supplemental materials\chai3d-3.0.0\modules\ode\obj\debug\win32\universal.obj
d:\yitian\depth rendering proj supplemental materials\chai3d-3.0.0\modules\ode\obj\debug\win32\matrix.obj
d:\yitian\depth rendering proj supplemental materials\chai3d-3.0.0\modules\ode\obj\debug\win32\ode.obj
d:\yitian\depth rendering proj supplemental materials\chai3d-3.0.0\modules\ode\obj\debug\win32\quickstep.obj
d:\yitian\depth rendering proj supplemental materials\chai3d-3.0.0\modules\ode\obj\debug\win32\sphere.obj
d:\yitian\depth rendering proj supplemental materials\chai3d-3.0.0\modules\ode\obj\debug\win32\testing.obj
d:\yitian\depth rendering proj supplemental materials\chai3d-3.0.0\modules\ode\obj\debug\win32\iceaabb.obj
d:\yitian\depth rendering proj supplemental materials\chai3d-3.0.0\modules\ode\obj\debug\win32\icematrix3x3.obj
d:\yitian\depth rendering proj supplemental materials\chai3d-3.0.0\modules\ode\obj\debug\win32\iceplane.obj
d:\yitian\depth rendering proj supplemental materials\chai3d-3.0.0\modules\ode\obj\debug\win32\icerevisitedradix.obj
d:\yitian\depth rendering proj supplemental materials\chai3d-3.0.0\modules\ode\obj\debug\win32\opcode.obj
d:\yitian\depth rendering proj supplemental materials\chai3d-3.0.0\modules\ode\obj\debug\win32\opc_collider.obj
d:\yitian\depth rendering proj supplemental materials\chai3d-3.0.0\modules\ode\obj\debug\win32\opc_meshinterface.obj
d:\yitian\depth rendering proj supplemental materials\chai3d-3.0.0\modules\ode\obj\debug\win32\opc_picking.obj
d:\yitian\depth rendering proj supplemental materials\chai3d-3.0.0\modules\ode\obj\debug\win32\opc_treebuilders.obj
d:\yitian\depth rendering proj supplemental materials\chai3d-3.0.0\modules\ode\obj\debug\win32\codeworld.obj
d:\yitian\depth rendering proj supplemental materials\chai3d-3.0.0\modules\ode\obj\debug\win32\vc120.pdb
d:\yitian\depth rendering proj supplemental materials\chai3d-3.0.0\modules\ode\obj\debug\win32\fastdot.obj
d:\yitian\depth rendering proj supplemental materials\chai3d-3.0.0\modules\ode\obj\debug\win32\fastlsolve.obj
d:\yitian\depth rendering proj supplemental materials\chai3d-3.0.0\modules\ode\obj\debug\win32\fastldlt.obj
d:\yitian\depth rendering proj supplemental materials\chai3d-3.0.0\modules\ode\obj\debug\win32\fastltsolve.obj
d:\yitian\depth rendering proj supplemental materials\chai3d-3.0.0\modules\ode\lib\debug\win32\code.lib
d:\yitian\depth rendering proj supplemental materials\chai3d-3.0.0\modules\ode\obj\debug\win32\vc120.idb
d:\yitian\depth rendering proj supplemental materials\chai3d-3.0.0\modules\ode\lib/debug/win32\code.lib
d:\yitian\depth rendering proj supplemental materials\chai3d-3.0.0\modules\ode\obj\debug\win32\module-ode.tlog\cl.command.1.tlog
d:\yitian\depth rendering proj supplemental materials\chai3d-3.0.0\modules\ode\obj\debug\win32\module-ode.tlog\cl.read.1.tlog
d:\yitian\depth rendering proj supplemental materials\chai3d-3.0.0\modules\ode\obj\debug\win32\module-ode.tlog\cl.write.1.tlog
d:\yitian\depth rendering proj supplemental materials\chai3d-3.0.0\modules\ode\obj\debug\win32\module-ode.tlog\lib-link.read.1.tlog
d:\yitian\depth rendering proj supplemental materials\chai3d-3.0.0\modules\ode\obj\debug\win32\module-ode.tlog\lib-link.write.1.tlog
d:\yitian\depth rendering proj supplemental materials\chai3d-3.0.0\modules\ode\obj\debug\win32\module-ode.tlog\lib.command.1.tlog
