d:\yitian\depth rendering proj supplemental materials\chai3d-3.0.0\extras\freeglut\lib\debug\win32\freeglut.bsc
d:\yitian\depth rendering proj supplemental materials\chai3d-3.0.0\extras\freeglut\obj\debug\win32\freeglut_display.sbr
d:\yitian\depth rendering proj supplemental materials\chai3d-3.0.0\extras\freeglut\obj\debug\win32\freeglut_display.obj
d:\yitian\depth rendering proj supplemental materials\chai3d-3.0.0\extras\freeglut\obj\debug\win32\freeglut_geometry.sbr
d:\yitian\depth rendering proj supplemental materials\chai3d-3.0.0\extras\freeglut\obj\debug\win32\freeglut_geometry.obj
d:\yitian\depth rendering proj supplemental materials\chai3d-3.0.0\extras\freeglut\obj\debug\win32\freeglut_main.sbr
d:\yitian\depth rendering proj supplemental materials\chai3d-3.0.0\extras\freeglut\obj\debug\win32\freeglut_main.obj
d:\yitian\depth rendering proj supplemental materials\chai3d-3.0.0\extras\freeglut\obj\debug\win32\freeglut_state.sbr
d:\yitian\depth rendering proj supplemental materials\chai3d-3.0.0\extras\freeglut\obj\debug\win32\freeglut_state.obj
d:\yitian\depth rendering proj supplemental materials\chai3d-3.0.0\extras\freeglut\obj\debug\win32\freeglut_videoresize.sbr
d:\yitian\depth rendering proj supplemental materials\chai3d-3.0.0\extras\freeglut\obj\debug\win32\freeglut_videoresize.obj
d:\yitian\depth rendering proj supplemental materials\chai3d-3.0.0\extras\freeglut\obj\debug\win32\freeglut_ext.sbr
d:\yitian\depth rendering proj supplemental materials\chai3d-3.0.0\extras\freeglut\obj\debug\win32\freeglut_ext.obj
d:\yitian\depth rendering proj supplemental materials\chai3d-3.0.0\extras\freeglut\obj\debug\win32\freeglut_gamemode.sbr
d:\yitian\depth rendering proj supplemental materials\chai3d-3.0.0\extras\freeglut\obj\debug\win32\freeglut_gamemode.obj
d:\yitian\depth rendering proj supplemental materials\chai3d-3.0.0\extras\freeglut\obj\debug\win32\freeglut_input_devices.sbr
d:\yitian\depth rendering proj supplemental materials\chai3d-3.0.0\extras\freeglut\obj\debug\win32\freeglut_input_devices.obj
d:\yitian\depth rendering proj supplemental materials\chai3d-3.0.0\extras\freeglut\obj\debug\win32\freeglut_menu.sbr
d:\yitian\depth rendering proj supplemental materials\chai3d-3.0.0\extras\freeglut\obj\debug\win32\freeglut_menu.obj
d:\yitian\depth rendering proj supplemental materials\chai3d-3.0.0\extras\freeglut\obj\debug\win32\freeglut_stroke_roman.sbr
d:\yitian\depth rendering proj supplemental materials\chai3d-3.0.0\extras\freeglut\obj\debug\win32\freeglut_stroke_roman.obj
d:\yitian\depth rendering proj supplemental materials\chai3d-3.0.0\extras\freeglut\obj\debug\win32\freeglut_window.sbr
d:\yitian\depth rendering proj supplemental materials\chai3d-3.0.0\extras\freeglut\obj\debug\win32\freeglut_window.obj
d:\yitian\depth rendering proj supplemental materials\chai3d-3.0.0\extras\freeglut\obj\debug\win32\freeglut_callbacks.sbr
d:\yitian\depth rendering proj supplemental materials\chai3d-3.0.0\extras\freeglut\obj\debug\win32\freeglut_callbacks.obj
d:\yitian\depth rendering proj supplemental materials\chai3d-3.0.0\extras\freeglut\obj\debug\win32\freeglut_font.sbr
d:\yitian\depth rendering proj supplemental materials\chai3d-3.0.0\extras\freeglut\obj\debug\win32\freeglut_font.obj
d:\yitian\depth rendering proj supplemental materials\chai3d-3.0.0\extras\freeglut\obj\debug\win32\freeglut_glutfont_definitions.sbr
d:\yitian\depth rendering proj supplemental materials\chai3d-3.0.0\extras\freeglut\obj\debug\win32\freeglut_glutfont_definitions.obj
d:\yitian\depth rendering proj supplemental materials\chai3d-3.0.0\extras\freeglut\obj\debug\win32\freeglut_joystick.sbr
d:\yitian\depth rendering proj supplemental materials\chai3d-3.0.0\extras\freeglut\obj\debug\win32\freeglut_joystick.obj
d:\yitian\depth rendering proj supplemental materials\chai3d-3.0.0\extras\freeglut\obj\debug\win32\freeglut_overlay.sbr
d:\yitian\depth rendering proj supplemental materials\chai3d-3.0.0\extras\freeglut\obj\debug\win32\freeglut_overlay.obj
d:\yitian\depth rendering proj supplemental materials\chai3d-3.0.0\extras\freeglut\obj\debug\win32\freeglut_stroke_mono_roman.sbr
d:\yitian\depth rendering proj supplemental materials\chai3d-3.0.0\extras\freeglut\obj\debug\win32\freeglut_stroke_mono_roman.obj
d:\yitian\depth rendering proj supplemental materials\chai3d-3.0.0\extras\freeglut\obj\debug\win32\freeglut_teapot.sbr
d:\yitian\depth rendering proj supplemental materials\chai3d-3.0.0\extras\freeglut\obj\debug\win32\freeglut_teapot.obj
d:\yitian\depth rendering proj supplemental materials\chai3d-3.0.0\extras\freeglut\obj\debug\win32\freeglut_cursor.sbr
d:\yitian\depth rendering proj supplemental materials\chai3d-3.0.0\extras\freeglut\obj\debug\win32\freeglut_cursor.obj
d:\yitian\depth rendering proj supplemental materials\chai3d-3.0.0\extras\freeglut\obj\debug\win32\freeglut_font_data.sbr
d:\yitian\depth rendering proj supplemental materials\chai3d-3.0.0\extras\freeglut\obj\debug\win32\freeglut_font_data.obj
d:\yitian\depth rendering proj supplemental materials\chai3d-3.0.0\extras\freeglut\obj\debug\win32\freeglut_init.sbr
d:\yitian\depth rendering proj supplemental materials\chai3d-3.0.0\extras\freeglut\obj\debug\win32\freeglut_init.obj
d:\yitian\depth rendering proj supplemental materials\chai3d-3.0.0\extras\freeglut\obj\debug\win32\freeglut_misc.sbr
d:\yitian\depth rendering proj supplemental materials\chai3d-3.0.0\extras\freeglut\obj\debug\win32\freeglut_misc.obj
d:\yitian\depth rendering proj supplemental materials\chai3d-3.0.0\extras\freeglut\obj\debug\win32\freeglut_spaceball.sbr
d:\yitian\depth rendering proj supplemental materials\chai3d-3.0.0\extras\freeglut\obj\debug\win32\freeglut_spaceball.obj
d:\yitian\depth rendering proj supplemental materials\chai3d-3.0.0\extras\freeglut\obj\debug\win32\freeglut_structure.sbr
d:\yitian\depth rendering proj supplemental materials\chai3d-3.0.0\extras\freeglut\obj\debug\win32\freeglut_structure.obj
d:\yitian\depth rendering proj supplemental materials\chai3d-3.0.0\extras\freeglut\obj\debug\win32\vc120.pdb
d:\yitian\depth rendering proj supplemental materials\chai3d-3.0.0\extras\freeglut\lib\debug\win32\freeglut.lib
d:\yitian\depth rendering proj supplemental materials\chai3d-3.0.0\extras\freeglut\lib/debug/win32\freeglut.lib
d:\yitian\depth rendering proj supplemental materials\chai3d-3.0.0\extras\freeglut\obj\debug\win32\freeglut.tlog\bscmake.command.1.tlog
d:\yitian\depth rendering proj supplemental materials\chai3d-3.0.0\extras\freeglut\obj\debug\win32\freeglut.tlog\bscmake.read.1.tlog
d:\yitian\depth rendering proj supplemental materials\chai3d-3.0.0\extras\freeglut\obj\debug\win32\freeglut.tlog\bscmake.write.1.tlog
d:\yitian\depth rendering proj supplemental materials\chai3d-3.0.0\extras\freeglut\obj\debug\win32\freeglut.tlog\cl.command.1.tlog
d:\yitian\depth rendering proj supplemental materials\chai3d-3.0.0\extras\freeglut\obj\debug\win32\freeglut.tlog\cl.read.1.tlog
d:\yitian\depth rendering proj supplemental materials\chai3d-3.0.0\extras\freeglut\obj\debug\win32\freeglut.tlog\cl.write.1.tlog
d:\yitian\depth rendering proj supplemental materials\chai3d-3.0.0\extras\freeglut\obj\debug\win32\freeglut.tlog\lib-link.read.1.tlog
d:\yitian\depth rendering proj supplemental materials\chai3d-3.0.0\extras\freeglut\obj\debug\win32\freeglut.tlog\lib-link.write.1.tlog
d:\yitian\depth rendering proj supplemental materials\chai3d-3.0.0\extras\freeglut\obj\debug\win32\freeglut.tlog\lib.command.1.tlog
