Build started 2/5/2016 3:30:39 AM.
     1>Project "C:\Users\Yitian\OneDrive\DepthMRender\chai3d\DepthMapHapticRendering\RenderDepth3DSurface\application-VS2013.vcxproj" on node 2 (Build target(s)).
     1>C:\Program Files (x86)\MSBuild\Microsoft.Cpp\v4.0\V120\Microsoft.CppBuild.targets(364,5): warning MSB8004: Output Directory does not end with a trailing slash.  This build instance will add the slash as it is required to allow proper evaluation of the Output Directory.
     1>C:\Program Files (x86)\MSBuild\Microsoft.Cpp\v4.0\V120\Microsoft.CppBuild.targets(388,5): warning MSB8028: The intermediate directory (obj/Debug/Win32\) contains files shared from another project (application.vcxproj, depthMHaptics.vcxproj).  This can lead to incorrect clean and rebuild behavior.
     1>ClCompile:
         C:\Program Files (x86)\Microsoft Visual Studio 12.0\VC\bin\CL.exe /c /I../../src /I../../external/Eigen /I../../external/glew/include /I../../extras/freeglut/include /I../../external/libpng/include /Zi /nologo /W3 /WX- /Od /Oy- /D WIN32 /D _DEBUG /D _CONSOLE /D _MSVC /D _CRT_SECURE_NO_WARNINGS /D _VC80_UPGRADE=0x0710 /D _MBCS /Gm- /EHsc /RTC1 /MDd /GS /fp:precise /Zc:wchar_t /Zc:forScope /GR /Fo"obj/Debug/Win32\\" /Fd"obj/Debug/Win32\vc120.pdb" /Gd /TP /wd4244 /wd4305 /analyze- /errorReport:prompt /MP main_cMultiMesh.cpp mappingAlgorithm.cpp
         main_cMultiMesh.cpp
         mappingAlgorithm.cpp
       Link:
         C:\Program Files (x86)\Microsoft Visual Studio 12.0\VC\bin\link.exe /ERRORREPORT:PROMPT /OUT:"..\bin\renderDepthArray.exe" /INCREMENTAL /NOLOGO /LIBPATH:../../lib/Debug/Win32 /LIBPATH:../../extras/freeglut/lib/Debug/Win32 freeglut.lib chai3d.lib kernel32.lib user32.lib gdi32.lib winspool.lib comdlg32.lib advapi32.lib shell32.lib ole32.lib oleaut32.lib uuid.lib odbc32.lib odbccp32.lib /MANIFEST /MANIFESTUAC:"level='asInvoker' uiAccess='false'" /manifest:embed /DEBUG /PDB:"C:\Users\Yitian\OneDrive\DepthMRender\chai3d\DepthMapHapticRendering\bin\renderDepthArray.pdb" /SUBSYSTEM:CONSOLE /TLBID:1 /DYNAMICBASE:NO /IMPLIB:"..\bin\renderDepthArray.lib" /MACHINE:X86 /SAFESEH obj/Debug/Win32\main_cMultiMesh.obj
         obj/Debug/Win32\mappingAlgorithm.obj
         obj/Debug/Win32\mathTool.obj
     1>freeglut.lib(freeglut_callbacks.obj) : warning LNK4099: PDB 'vc120.pdb' was not found with 'freeglut.lib(freeglut_callbacks.obj)' or at 'C:\Users\Yitian\OneDrive\DepthMRender\chai3d\DepthMapHapticRendering\bin\vc120.pdb'; linking object as if no debug info
     1>freeglut.lib(freeglut_cursor.obj) : warning LNK4099: PDB 'vc120.pdb' was not found with 'freeglut.lib(freeglut_cursor.obj)' or at 'C:\Users\Yitian\OneDrive\DepthMRender\chai3d\DepthMapHapticRendering\bin\vc120.pdb'; linking object as if no debug info
     1>freeglut.lib(freeglut_display.obj) : warning LNK4099: PDB 'vc120.pdb' was not found with 'freeglut.lib(freeglut_display.obj)' or at 'C:\Users\Yitian\OneDrive\DepthMRender\chai3d\DepthMapHapticRendering\bin\vc120.pdb'; linking object as if no debug info
     1>freeglut.lib(freeglut_font.obj) : warning LNK4099: PDB 'vc120.pdb' was not found with 'freeglut.lib(freeglut_font.obj)' or at 'C:\Users\Yitian\OneDrive\DepthMRender\chai3d\DepthMapHapticRendering\bin\vc120.pdb'; linking object as if no debug info
     1>freeglut.lib(freeglut_font_data.obj) : warning LNK4099: PDB 'vc120.pdb' was not found with 'freeglut.lib(freeglut_font_data.obj)' or at 'C:\Users\Yitian\OneDrive\DepthMRender\chai3d\DepthMapHapticRendering\bin\vc120.pdb'; linking object as if no debug info
     1>freeglut.lib(freeglut_init.obj) : warning LNK4099: PDB 'vc120.pdb' was not found with 'freeglut.lib(freeglut_init.obj)' or at 'C:\Users\Yitian\OneDrive\DepthMRender\chai3d\DepthMapHapticRendering\bin\vc120.pdb'; linking object as if no debug info
     1>freeglut.lib(freeglut_input_devices.obj) : warning LNK4099: PDB 'vc120.pdb' was not found with 'freeglut.lib(freeglut_input_devices.obj)' or at 'C:\Users\Yitian\OneDrive\DepthMRender\chai3d\DepthMapHapticRendering\bin\vc120.pdb'; linking object as if no debug info
     1>freeglut.lib(freeglut_joystick.obj) : warning LNK4099: PDB 'vc120.pdb' was not found with 'freeglut.lib(freeglut_joystick.obj)' or at 'C:\Users\Yitian\OneDrive\DepthMRender\chai3d\DepthMapHapticRendering\bin\vc120.pdb'; linking object as if no debug info
     1>freeglut.lib(freeglut_main.obj) : warning LNK4099: PDB 'vc120.pdb' was not found with 'freeglut.lib(freeglut_main.obj)' or at 'C:\Users\Yitian\OneDrive\DepthMRender\chai3d\DepthMapHapticRendering\bin\vc120.pdb'; linking object as if no debug info
     1>freeglut.lib(freeglut_menu.obj) : warning LNK4099: PDB 'vc120.pdb' was not found with 'freeglut.lib(freeglut_menu.obj)' or at 'C:\Users\Yitian\OneDrive\DepthMRender\chai3d\DepthMapHapticRendering\bin\vc120.pdb'; linking object as if no debug info
     1>freeglut.lib(freeglut_spaceball.obj) : warning LNK4099: PDB 'vc120.pdb' was not found with 'freeglut.lib(freeglut_spaceball.obj)' or at 'C:\Users\Yitian\OneDrive\DepthMRender\chai3d\DepthMapHapticRendering\bin\vc120.pdb'; linking object as if no debug info
     1>freeglut.lib(freeglut_state.obj) : warning LNK4099: PDB 'vc120.pdb' was not found with 'freeglut.lib(freeglut_state.obj)' or at 'C:\Users\Yitian\OneDrive\DepthMRender\chai3d\DepthMapHapticRendering\bin\vc120.pdb'; linking object as if no debug info
     1>freeglut.lib(freeglut_stroke_mono_roman.obj) : warning LNK4099: PDB 'vc120.pdb' was not found with 'freeglut.lib(freeglut_stroke_mono_roman.obj)' or at 'C:\Users\Yitian\OneDrive\DepthMRender\chai3d\DepthMapHapticRendering\bin\vc120.pdb'; linking object as if no debug info
     1>freeglut.lib(freeglut_stroke_roman.obj) : warning LNK4099: PDB 'vc120.pdb' was not found with 'freeglut.lib(freeglut_stroke_roman.obj)' or at 'C:\Users\Yitian\OneDrive\DepthMRender\chai3d\DepthMapHapticRendering\bin\vc120.pdb'; linking object as if no debug info
     1>freeglut.lib(freeglut_structure.obj) : warning LNK4099: PDB 'vc120.pdb' was not found with 'freeglut.lib(freeglut_structure.obj)' or at 'C:\Users\Yitian\OneDrive\DepthMRender\chai3d\DepthMapHapticRendering\bin\vc120.pdb'; linking object as if no debug info
     1>freeglut.lib(freeglut_window.obj) : warning LNK4099: PDB 'vc120.pdb' was not found with 'freeglut.lib(freeglut_window.obj)' or at 'C:\Users\Yitian\OneDrive\DepthMRender\chai3d\DepthMapHapticRendering\bin\vc120.pdb'; linking object as if no debug info
     1>chai3d.lib(dgif_lib.obj) : warning LNK4099: PDB 'vc90.pdb' was not found with 'chai3d.lib(dgif_lib.obj)' or at 'C:\Users\Yitian\OneDrive\DepthMRender\chai3d\DepthMapHapticRendering\bin\vc90.pdb'; linking object as if no debug info
     1>chai3d.lib(egif_lib.obj) : warning LNK4099: PDB 'vc90.pdb' was not found with 'chai3d.lib(egif_lib.obj)' or at 'C:\Users\Yitian\OneDrive\DepthMRender\chai3d\DepthMapHapticRendering\bin\vc90.pdb'; linking object as if no debug info
     1>chai3d.lib(gifalloc.obj) : warning LNK4099: PDB 'vc90.pdb' was not found with 'chai3d.lib(gifalloc.obj)' or at 'C:\Users\Yitian\OneDrive\DepthMRender\chai3d\DepthMapHapticRendering\bin\vc90.pdb'; linking object as if no debug info
     1>chai3d.lib(gif_err.obj) : warning LNK4099: PDB 'vc90.pdb' was not found with 'chai3d.lib(gif_err.obj)' or at 'C:\Users\Yitian\OneDrive\DepthMRender\chai3d\DepthMapHapticRendering\bin\vc90.pdb'; linking object as if no debug info
     1>chai3d.lib(gif_hash.obj) : warning LNK4099: PDB 'vc90.pdb' was not found with 'chai3d.lib(gif_hash.obj)' or at 'C:\Users\Yitian\OneDrive\DepthMRender\chai3d\DepthMapHapticRendering\bin\vc90.pdb'; linking object as if no debug info
     1>chai3d.lib(glew.obj) : warning LNK4099: PDB 'vc90.pdb' was not found with 'chai3d.lib(glew.obj)' or at 'C:\Users\Yitian\OneDrive\DepthMRender\chai3d\DepthMapHapticRendering\bin\vc90.pdb'; linking object as if no debug info
     1>chai3d.lib(jaricom.obj) : warning LNK4099: PDB 'vc90.pdb' was not found with 'chai3d.lib(jaricom.obj)' or at 'C:\Users\Yitian\OneDrive\DepthMRender\chai3d\DepthMapHapticRendering\bin\vc90.pdb'; linking object as if no debug info
     1>chai3d.lib(jcapimin.obj) : warning LNK4099: PDB 'vc90.pdb' was not found with 'chai3d.lib(jcapimin.obj)' or at 'C:\Users\Yitian\OneDrive\DepthMRender\chai3d\DepthMapHapticRendering\bin\vc90.pdb'; linking object as if no debug info
     1>chai3d.lib(jcapistd.obj) : warning LNK4099: PDB 'vc90.pdb' was not found with 'chai3d.lib(jcapistd.obj)' or at 'C:\Users\Yitian\OneDrive\DepthMRender\chai3d\DepthMapHapticRendering\bin\vc90.pdb'; linking object as if no debug info
     1>chai3d.lib(jcarith.obj) : warning LNK4099: PDB 'vc90.pdb' was not found with 'chai3d.lib(jcarith.obj)' or at 'C:\Users\Yitian\OneDrive\DepthMRender\chai3d\DepthMapHapticRendering\bin\vc90.pdb'; linking object as if no debug info
     1>chai3d.lib(jccoefct.obj) : warning LNK4099: PDB 'vc90.pdb' was not found with 'chai3d.lib(jccoefct.obj)' or at 'C:\Users\Yitian\OneDrive\DepthMRender\chai3d\DepthMapHapticRendering\bin\vc90.pdb'; linking object as if no debug info
     1>chai3d.lib(jccolor.obj) : warning LNK4099: PDB 'vc90.pdb' was not found with 'chai3d.lib(jccolor.obj)' or at 'C:\Users\Yitian\OneDrive\DepthMRender\chai3d\DepthMapHapticRendering\bin\vc90.pdb'; linking object as if no debug info
     1>chai3d.lib(jcdctmgr.obj) : warning LNK4099: PDB 'vc90.pdb' was not found with 'chai3d.lib(jcdctmgr.obj)' or at 'C:\Users\Yitian\OneDrive\DepthMRender\chai3d\DepthMapHapticRendering\bin\vc90.pdb'; linking object as if no debug info
     1>chai3d.lib(jchuff.obj) : warning LNK4099: PDB 'vc90.pdb' was not found with 'chai3d.lib(jchuff.obj)' or at 'C:\Users\Yitian\OneDrive\DepthMRender\chai3d\DepthMapHapticRendering\bin\vc90.pdb'; linking object as if no debug info
     1>chai3d.lib(jcinit.obj) : warning LNK4099: PDB 'vc90.pdb' was not found with 'chai3d.lib(jcinit.obj)' or at 'C:\Users\Yitian\OneDrive\DepthMRender\chai3d\DepthMapHapticRendering\bin\vc90.pdb'; linking object as if no debug info
     1>chai3d.lib(jcmainct.obj) : warning LNK4099: PDB 'vc90.pdb' was not found with 'chai3d.lib(jcmainct.obj)' or at 'C:\Users\Yitian\OneDrive\DepthMRender\chai3d\DepthMapHapticRendering\bin\vc90.pdb'; linking object as if no debug info
     1>chai3d.lib(jcmarker.obj) : warning LNK4099: PDB 'vc90.pdb' was not found with 'chai3d.lib(jcmarker.obj)' or at 'C:\Users\Yitian\OneDrive\DepthMRender\chai3d\DepthMapHapticRendering\bin\vc90.pdb'; linking object as if no debug info
     1>chai3d.lib(jcmaster.obj) : warning LNK4099: PDB 'vc90.pdb' was not found with 'chai3d.lib(jcmaster.obj)' or at 'C:\Users\Yitian\OneDrive\DepthMRender\chai3d\DepthMapHapticRendering\bin\vc90.pdb'; linking object as if no debug info
     1>chai3d.lib(jcomapi.obj) : warning LNK4099: PDB 'vc90.pdb' was not found with 'chai3d.lib(jcomapi.obj)' or at 'C:\Users\Yitian\OneDrive\DepthMRender\chai3d\DepthMapHapticRendering\bin\vc90.pdb'; linking object as if no debug info
     1>chai3d.lib(jcparam.obj) : warning LNK4099: PDB 'vc90.pdb' was not found with 'chai3d.lib(jcparam.obj)' or at 'C:\Users\Yitian\OneDrive\DepthMRender\chai3d\DepthMapHapticRendering\bin\vc90.pdb'; linking object as if no debug info
     1>chai3d.lib(jcprepct.obj) : warning LNK4099: PDB 'vc90.pdb' was not found with 'chai3d.lib(jcprepct.obj)' or at 'C:\Users\Yitian\OneDrive\DepthMRender\chai3d\DepthMapHapticRendering\bin\vc90.pdb'; linking object as if no debug info
     1>chai3d.lib(jcsample.obj) : warning LNK4099: PDB 'vc90.pdb' was not found with 'chai3d.lib(jcsample.obj)' or at 'C:\Users\Yitian\OneDrive\DepthMRender\chai3d\DepthMapHapticRendering\bin\vc90.pdb'; linking object as if no debug info
     1>chai3d.lib(jdapimin.obj) : warning LNK4099: PDB 'vc90.pdb' was not found with 'chai3d.lib(jdapimin.obj)' or at 'C:\Users\Yitian\OneDrive\DepthMRender\chai3d\DepthMapHapticRendering\bin\vc90.pdb'; linking object as if no debug info
     1>chai3d.lib(jdapistd.obj) : warning LNK4099: PDB 'vc90.pdb' was not found with 'chai3d.lib(jdapistd.obj)' or at 'C:\Users\Yitian\OneDrive\DepthMRender\chai3d\DepthMapHapticRendering\bin\vc90.pdb'; linking object as if no debug info
     1>chai3d.lib(jdarith.obj) : warning LNK4099: PDB 'vc90.pdb' was not found with 'chai3d.lib(jdarith.obj)' or at 'C:\Users\Yitian\OneDrive\DepthMRender\chai3d\DepthMapHapticRendering\bin\vc90.pdb'; linking object as if no debug info
     1>chai3d.lib(jdatadst.obj) : warning LNK4099: PDB 'vc90.pdb' was not found with 'chai3d.lib(jdatadst.obj)' or at 'C:\Users\Yitian\OneDrive\DepthMRender\chai3d\DepthMapHapticRendering\bin\vc90.pdb'; linking object as if no debug info
     1>chai3d.lib(jdatasrc.obj) : warning LNK4099: PDB 'vc90.pdb' was not found with 'chai3d.lib(jdatasrc.obj)' or at 'C:\Users\Yitian\OneDrive\DepthMRender\chai3d\DepthMapHapticRendering\bin\vc90.pdb'; linking object as if no debug info
     1>chai3d.lib(jdcoefct.obj) : warning LNK4099: PDB 'vc90.pdb' was not found with 'chai3d.lib(jdcoefct.obj)' or at 'C:\Users\Yitian\OneDrive\DepthMRender\chai3d\DepthMapHapticRendering\bin\vc90.pdb'; linking object as if no debug info
     1>chai3d.lib(jdcolor.obj) : warning LNK4099: PDB 'vc90.pdb' was not found with 'chai3d.lib(jdcolor.obj)' or at 'C:\Users\Yitian\OneDrive\DepthMRender\chai3d\DepthMapHapticRendering\bin\vc90.pdb'; linking object as if no debug info
     1>chai3d.lib(jddctmgr.obj) : warning LNK4099: PDB 'vc90.pdb' was not found with 'chai3d.lib(jddctmgr.obj)' or at 'C:\Users\Yitian\OneDrive\DepthMRender\chai3d\DepthMapHapticRendering\bin\vc90.pdb'; linking object as if no debug info
     1>chai3d.lib(jdhuff.obj) : warning LNK4099: PDB 'vc90.pdb' was not found with 'chai3d.lib(jdhuff.obj)' or at 'C:\Users\Yitian\OneDrive\DepthMRender\chai3d\DepthMapHapticRendering\bin\vc90.pdb'; linking object as if no debug info
     1>chai3d.lib(jdinput.obj) : warning LNK4099: PDB 'vc90.pdb' was not found with 'chai3d.lib(jdinput.obj)' or at 'C:\Users\Yitian\OneDrive\DepthMRender\chai3d\DepthMapHapticRendering\bin\vc90.pdb'; linking object as if no debug info
     1>chai3d.lib(jdmainct.obj) : warning LNK4099: PDB 'vc90.pdb' was not found with 'chai3d.lib(jdmainct.obj)' or at 'C:\Users\Yitian\OneDrive\DepthMRender\chai3d\DepthMapHapticRendering\bin\vc90.pdb'; linking object as if no debug info
     1>chai3d.lib(jdmarker.obj) : warning LNK4099: PDB 'vc90.pdb' was not found with 'chai3d.lib(jdmarker.obj)' or at 'C:\Users\Yitian\OneDrive\DepthMRender\chai3d\DepthMapHapticRendering\bin\vc90.pdb'; linking object as if no debug info
     1>chai3d.lib(jdmaster.obj) : warning LNK4099: PDB 'vc90.pdb' was not found with 'chai3d.lib(jdmaster.obj)' or at 'C:\Users\Yitian\OneDrive\DepthMRender\chai3d\DepthMapHapticRendering\bin\vc90.pdb'; linking object as if no debug info
     1>chai3d.lib(jdmerge.obj) : warning LNK4099: PDB 'vc90.pdb' was not found with 'chai3d.lib(jdmerge.obj)' or at 'C:\Users\Yitian\OneDrive\DepthMRender\chai3d\DepthMapHapticRendering\bin\vc90.pdb'; linking object as if no debug info
     1>chai3d.lib(jdpostct.obj) : warning LNK4099: PDB 'vc90.pdb' was not found with 'chai3d.lib(jdpostct.obj)' or at 'C:\Users\Yitian\OneDrive\DepthMRender\chai3d\DepthMapHapticRendering\bin\vc90.pdb'; linking object as if no debug info
     1>chai3d.lib(jdsample.obj) : warning LNK4099: PDB 'vc90.pdb' was not found with 'chai3d.lib(jdsample.obj)' or at 'C:\Users\Yitian\OneDrive\DepthMRender\chai3d\DepthMapHapticRendering\bin\vc90.pdb'; linking object as if no debug info
     1>chai3d.lib(jerror.obj) : warning LNK4099: PDB 'vc90.pdb' was not found with 'chai3d.lib(jerror.obj)' or at 'C:\Users\Yitian\OneDrive\DepthMRender\chai3d\DepthMapHapticRendering\bin\vc90.pdb'; linking object as if no debug info
     1>chai3d.lib(jfdctflt.obj) : warning LNK4099: PDB 'vc90.pdb' was not found with 'chai3d.lib(jfdctflt.obj)' or at 'C:\Users\Yitian\OneDrive\DepthMRender\chai3d\DepthMapHapticRendering\bin\vc90.pdb'; linking object as if no debug info
     1>chai3d.lib(jfdctfst.obj) : warning LNK4099: PDB 'vc90.pdb' was not found with 'chai3d.lib(jfdctfst.obj)' or at 'C:\Users\Yitian\OneDrive\DepthMRender\chai3d\DepthMapHapticRendering\bin\vc90.pdb'; linking object as if no debug info
     1>chai3d.lib(jfdctint.obj) : warning LNK4099: PDB 'vc90.pdb' was not found with 'chai3d.lib(jfdctint.obj)' or at 'C:\Users\Yitian\OneDrive\DepthMRender\chai3d\DepthMapHapticRendering\bin\vc90.pdb'; linking object as if no debug info
     1>chai3d.lib(jidctflt.obj) : warning LNK4099: PDB 'vc90.pdb' was not found with 'chai3d.lib(jidctflt.obj)' or at 'C:\Users\Yitian\OneDrive\DepthMRender\chai3d\DepthMapHapticRendering\bin\vc90.pdb'; linking object as if no debug info
     1>chai3d.lib(jidctfst.obj) : warning LNK4099: PDB 'vc90.pdb' was not found with 'chai3d.lib(jidctfst.obj)' or at 'C:\Users\Yitian\OneDrive\DepthMRender\chai3d\DepthMapHapticRendering\bin\vc90.pdb'; linking object as if no debug info
     1>chai3d.lib(jidctint.obj) : warning LNK4099: PDB 'vc90.pdb' was not found with 'chai3d.lib(jidctint.obj)' or at 'C:\Users\Yitian\OneDrive\DepthMRender\chai3d\DepthMapHapticRendering\bin\vc90.pdb'; linking object as if no debug info
     1>chai3d.lib(jmemmgr.obj) : warning LNK4099: PDB 'vc90.pdb' was not found with 'chai3d.lib(jmemmgr.obj)' or at 'C:\Users\Yitian\OneDrive\DepthMRender\chai3d\DepthMapHapticRendering\bin\vc90.pdb'; linking object as if no debug info
     1>chai3d.lib(jmemnobs.obj) : warning LNK4099: PDB 'vc90.pdb' was not found with 'chai3d.lib(jmemnobs.obj)' or at 'C:\Users\Yitian\OneDrive\DepthMRender\chai3d\DepthMapHapticRendering\bin\vc90.pdb'; linking object as if no debug info
     1>chai3d.lib(jquant1.obj) : warning LNK4099: PDB 'vc90.pdb' was not found with 'chai3d.lib(jquant1.obj)' or at 'C:\Users\Yitian\OneDrive\DepthMRender\chai3d\DepthMapHapticRendering\bin\vc90.pdb'; linking object as if no debug info
     1>chai3d.lib(jquant2.obj) : warning LNK4099: PDB 'vc90.pdb' was not found with 'chai3d.lib(jquant2.obj)' or at 'C:\Users\Yitian\OneDrive\DepthMRender\chai3d\DepthMapHapticRendering\bin\vc90.pdb'; linking object as if no debug info
     1>chai3d.lib(jutils.obj) : warning LNK4099: PDB 'vc90.pdb' was not found with 'chai3d.lib(jutils.obj)' or at 'C:\Users\Yitian\OneDrive\DepthMRender\chai3d\DepthMapHapticRendering\bin\vc90.pdb'; linking object as if no debug info
     1>chai3d.lib(adler32.obj) : warning LNK4099: PDB 'vc90.pdb' was not found with 'chai3d.lib(adler32.obj)' or at 'C:\Users\Yitian\OneDrive\DepthMRender\chai3d\DepthMapHapticRendering\bin\vc90.pdb'; linking object as if no debug info
     1>chai3d.lib(crc32.obj) : warning LNK4099: PDB 'vc90.pdb' was not found with 'chai3d.lib(crc32.obj)' or at 'C:\Users\Yitian\OneDrive\DepthMRender\chai3d\DepthMapHapticRendering\bin\vc90.pdb'; linking object as if no debug info
     1>chai3d.lib(deflate.obj) : warning LNK4099: PDB 'vc90.pdb' was not found with 'chai3d.lib(deflate.obj)' or at 'C:\Users\Yitian\OneDrive\DepthMRender\chai3d\DepthMapHapticRendering\bin\vc90.pdb'; linking object as if no debug info
     1>chai3d.lib(inffast.obj) : warning LNK4099: PDB 'vc90.pdb' was not found with 'chai3d.lib(inffast.obj)' or at 'C:\Users\Yitian\OneDrive\DepthMRender\chai3d\DepthMapHapticRendering\bin\vc90.pdb'; linking object as if no debug info
     1>chai3d.lib(inflate.obj) : warning LNK4099: PDB 'vc90.pdb' was not found with 'chai3d.lib(inflate.obj)' or at 'C:\Users\Yitian\OneDrive\DepthMRender\chai3d\DepthMapHapticRendering\bin\vc90.pdb'; linking object as if no debug info
     1>chai3d.lib(inftrees.obj) : warning LNK4099: PDB 'vc90.pdb' was not found with 'chai3d.lib(inftrees.obj)' or at 'C:\Users\Yitian\OneDrive\DepthMRender\chai3d\DepthMapHapticRendering\bin\vc90.pdb'; linking object as if no debug info
     1>chai3d.lib(png.obj) : warning LNK4099: PDB 'vc90.pdb' was not found with 'chai3d.lib(png.obj)' or at 'C:\Users\Yitian\OneDrive\DepthMRender\chai3d\DepthMapHapticRendering\bin\vc90.pdb'; linking object as if no debug info
     1>chai3d.lib(pngerror.obj) : warning LNK4099: PDB 'vc90.pdb' was not found with 'chai3d.lib(pngerror.obj)' or at 'C:\Users\Yitian\OneDrive\DepthMRender\chai3d\DepthMapHapticRendering\bin\vc90.pdb'; linking object as if no debug info
     1>chai3d.lib(pngget.obj) : warning LNK4099: PDB 'vc90.pdb' was not found with 'chai3d.lib(pngget.obj)' or at 'C:\Users\Yitian\OneDrive\DepthMRender\chai3d\DepthMapHapticRendering\bin\vc90.pdb'; linking object as if no debug info
     1>chai3d.lib(pngmem.obj) : warning LNK4099: PDB 'vc90.pdb' was not found with 'chai3d.lib(pngmem.obj)' or at 'C:\Users\Yitian\OneDrive\DepthMRender\chai3d\DepthMapHapticRendering\bin\vc90.pdb'; linking object as if no debug info
     1>chai3d.lib(pngread.obj) : warning LNK4099: PDB 'vc90.pdb' was not found with 'chai3d.lib(pngread.obj)' or at 'C:\Users\Yitian\OneDrive\DepthMRender\chai3d\DepthMapHapticRendering\bin\vc90.pdb'; linking object as if no debug info
     1>chai3d.lib(pngrio.obj) : warning LNK4099: PDB 'vc90.pdb' was not found with 'chai3d.lib(pngrio.obj)' or at 'C:\Users\Yitian\OneDrive\DepthMRender\chai3d\DepthMapHapticRendering\bin\vc90.pdb'; linking object as if no debug info
     1>chai3d.lib(pngrtran.obj) : warning LNK4099: PDB 'vc90.pdb' was not found with 'chai3d.lib(pngrtran.obj)' or at 'C:\Users\Yitian\OneDrive\DepthMRender\chai3d\DepthMapHapticRendering\bin\vc90.pdb'; linking object as if no debug info
     1>chai3d.lib(pngrutil.obj) : warning LNK4099: PDB 'vc90.pdb' was not found with 'chai3d.lib(pngrutil.obj)' or at 'C:\Users\Yitian\OneDrive\DepthMRender\chai3d\DepthMapHapticRendering\bin\vc90.pdb'; linking object as if no debug info
     1>chai3d.lib(pngset.obj) : warning LNK4099: PDB 'vc90.pdb' was not found with 'chai3d.lib(pngset.obj)' or at 'C:\Users\Yitian\OneDrive\DepthMRender\chai3d\DepthMapHapticRendering\bin\vc90.pdb'; linking object as if no debug info
     1>chai3d.lib(pngtrans.obj) : warning LNK4099: PDB 'vc90.pdb' was not found with 'chai3d.lib(pngtrans.obj)' or at 'C:\Users\Yitian\OneDrive\DepthMRender\chai3d\DepthMapHapticRendering\bin\vc90.pdb'; linking object as if no debug info
     1>chai3d.lib(pngwio.obj) : warning LNK4099: PDB 'vc90.pdb' was not found with 'chai3d.lib(pngwio.obj)' or at 'C:\Users\Yitian\OneDrive\DepthMRender\chai3d\DepthMapHapticRendering\bin\vc90.pdb'; linking object as if no debug info
     1>chai3d.lib(pngwrite.obj) : warning LNK4099: PDB 'vc90.pdb' was not found with 'chai3d.lib(pngwrite.obj)' or at 'C:\Users\Yitian\OneDrive\DepthMRender\chai3d\DepthMapHapticRendering\bin\vc90.pdb'; linking object as if no debug info
     1>chai3d.lib(pngwtran.obj) : warning LNK4099: PDB 'vc90.pdb' was not found with 'chai3d.lib(pngwtran.obj)' or at 'C:\Users\Yitian\OneDrive\DepthMRender\chai3d\DepthMapHapticRendering\bin\vc90.pdb'; linking object as if no debug info
     1>chai3d.lib(pngwutil.obj) : warning LNK4099: PDB 'vc90.pdb' was not found with 'chai3d.lib(pngwutil.obj)' or at 'C:\Users\Yitian\OneDrive\DepthMRender\chai3d\DepthMapHapticRendering\bin\vc90.pdb'; linking object as if no debug info
     1>chai3d.lib(trees.obj) : warning LNK4099: PDB 'vc90.pdb' was not found with 'chai3d.lib(trees.obj)' or at 'C:\Users\Yitian\OneDrive\DepthMRender\chai3d\DepthMapHapticRendering\bin\vc90.pdb'; linking object as if no debug info
     1>chai3d.lib(zutil.obj) : warning LNK4099: PDB 'vc90.pdb' was not found with 'chai3d.lib(zutil.obj)' or at 'C:\Users\Yitian\OneDrive\DepthMRender\chai3d\DepthMapHapticRendering\bin\vc90.pdb'; linking object as if no debug info
     1>chai3d.lib(CCollisionAABB.obj) : warning LNK4099: PDB 'vc90.pdb' was not found with 'chai3d.lib(CCollisionAABB.obj)' or at 'C:\Users\Yitian\OneDrive\DepthMRender\chai3d\DepthMapHapticRendering\bin\vc90.pdb'; linking object as if no debug info
     1>chai3d.lib(CCollisionAABBTree.obj) : warning LNK4099: PDB 'vc90.pdb' was not found with 'chai3d.lib(CCollisionAABBTree.obj)' or at 'C:\Users\Yitian\OneDrive\DepthMRender\chai3d\DepthMapHapticRendering\bin\vc90.pdb'; linking object as if no debug info
     1>chai3d.lib(CCollisionBrute.obj) : warning LNK4099: PDB 'vc90.pdb' was not found with 'chai3d.lib(CCollisionBrute.obj)' or at 'C:\Users\Yitian\OneDrive\DepthMRender\chai3d\DepthMapHapticRendering\bin\vc90.pdb'; linking object as if no debug info
     1>chai3d.lib(CGenericCollision.obj) : warning LNK4099: PDB 'vc90.pdb' was not found with 'chai3d.lib(CGenericCollision.obj)' or at 'C:\Users\Yitian\OneDrive\DepthMRender\chai3d\DepthMapHapticRendering\bin\vc90.pdb'; linking object as if no debug info
     1>chai3d.lib(CDeltaDevices.obj) : warning LNK4099: PDB 'vc90.pdb' was not found with 'chai3d.lib(CDeltaDevices.obj)' or at 'C:\Users\Yitian\OneDrive\DepthMRender\chai3d\DepthMapHapticRendering\bin\vc90.pdb'; linking object as if no debug info
     1>chai3d.lib(CGenericDevice.obj) : warning LNK4099: PDB 'vc90.pdb' was not found with 'chai3d.lib(CGenericDevice.obj)' or at 'C:\Users\Yitian\OneDrive\DepthMRender\chai3d\DepthMapHapticRendering\bin\vc90.pdb'; linking object as if no debug info
     1>chai3d.lib(CGenericHapticDevice.obj) : warning LNK4099: PDB 'vc90.pdb' was not found with 'chai3d.lib(CGenericHapticDevice.obj)' or at 'C:\Users\Yitian\OneDrive\DepthMRender\chai3d\DepthMapHapticRendering\bin\vc90.pdb'; linking object as if no debug info
     1>chai3d.lib(CHapticDeviceHandler.obj) : warning LNK4099: PDB 'vc90.pdb' was not found with 'chai3d.lib(CHapticDeviceHandler.obj)' or at 'C:\Users\Yitian\OneDrive\DepthMRender\chai3d\DepthMapHapticRendering\bin\vc90.pdb'; linking object as if no debug info
     1>chai3d.lib(CMyCustomDevice.obj) : warning LNK4099: PDB 'vc90.pdb' was not found with 'chai3d.lib(CMyCustomDevice.obj)' or at 'C:\Users\Yitian\OneDrive\DepthMRender\chai3d\DepthMapHapticRendering\bin\vc90.pdb'; linking object as if no debug info
     1>chai3d.lib(CPhantomDevices.obj) : warning LNK4099: PDB 'vc90.pdb' was not found with 'chai3d.lib(CPhantomDevices.obj)' or at 'C:\Users\Yitian\OneDrive\DepthMRender\chai3d\DepthMapHapticRendering\bin\vc90.pdb'; linking object as if no debug info
     1>chai3d.lib(CCamera.obj) : warning LNK4099: PDB 'vc90.pdb' was not found with 'chai3d.lib(CCamera.obj)' or at 'C:\Users\Yitian\OneDrive\DepthMRender\chai3d\DepthMapHapticRendering\bin\vc90.pdb'; linking object as if no debug info
     1>chai3d.lib(CEffectMagnet.obj) : warning LNK4099: PDB 'vc90.pdb' was not found with 'chai3d.lib(CEffectMagnet.obj)' or at 'C:\Users\Yitian\OneDrive\DepthMRender\chai3d\DepthMapHapticRendering\bin\vc90.pdb'; linking object as if no debug info
     1>chai3d.lib(CEffectStickSlip.obj) : warning LNK4099: PDB 'vc90.pdb' was not found with 'chai3d.lib(CEffectStickSlip.obj)' or at 'C:\Users\Yitian\OneDrive\DepthMRender\chai3d\DepthMapHapticRendering\bin\vc90.pdb'; linking object as if no debug info
     1>chai3d.lib(CEffectSurface.obj) : warning LNK4099: PDB 'vc90.pdb' was not found with 'chai3d.lib(CEffectSurface.obj)' or at 'C:\Users\Yitian\OneDrive\DepthMRender\chai3d\DepthMapHapticRendering\bin\vc90.pdb'; linking object as if no debug info
     1>chai3d.lib(CEffectVibration.obj) : warning LNK4099: PDB 'vc90.pdb' was not found with 'chai3d.lib(CEffectVibration.obj)' or at 'C:\Users\Yitian\OneDrive\DepthMRender\chai3d\DepthMapHapticRendering\bin\vc90.pdb'; linking object as if no debug info
     1>chai3d.lib(CEffectViscosity.obj) : warning LNK4099: PDB 'vc90.pdb' was not found with 'chai3d.lib(CEffectViscosity.obj)' or at 'C:\Users\Yitian\OneDrive\DepthMRender\chai3d\DepthMapHapticRendering\bin\vc90.pdb'; linking object as if no debug info
     1>chai3d.lib(CGenericEffect.obj) : warning LNK4099: PDB 'vc90.pdb' was not found with 'chai3d.lib(CGenericEffect.obj)' or at 'C:\Users\Yitian\OneDrive\DepthMRender\chai3d\DepthMapHapticRendering\bin\vc90.pdb'; linking object as if no debug info
     1>chai3d.lib(CFileImageBMP.obj) : warning LNK4099: PDB 'vc90.pdb' was not found with 'chai3d.lib(CFileImageBMP.obj)' or at 'C:\Users\Yitian\OneDrive\DepthMRender\chai3d\DepthMapHapticRendering\bin\vc90.pdb'; linking object as if no debug info
     1>chai3d.lib(CFileImageGIF.obj) : warning LNK4099: PDB 'vc90.pdb' was not found with 'chai3d.lib(CFileImageGIF.obj)' or at 'C:\Users\Yitian\OneDrive\DepthMRender\chai3d\DepthMapHapticRendering\bin\vc90.pdb'; linking object as if no debug info
     1>chai3d.lib(CFileImageJPG.obj) : warning LNK4099: PDB 'vc90.pdb' was not found with 'chai3d.lib(CFileImageJPG.obj)' or at 'C:\Users\Yitian\OneDrive\DepthMRender\chai3d\DepthMapHapticRendering\bin\vc90.pdb'; linking object as if no debug info
     1>chai3d.lib(CFileImagePNG.obj) : warning LNK4099: PDB 'vc90.pdb' was not found with 'chai3d.lib(CFileImagePNG.obj)' or at 'C:\Users\Yitian\OneDrive\DepthMRender\chai3d\DepthMapHapticRendering\bin\vc90.pdb'; linking object as if no debug info
     1>chai3d.lib(CFileImagePPM.obj) : warning LNK4099: PDB 'vc90.pdb' was not found with 'chai3d.lib(CFileImagePPM.obj)' or at 'C:\Users\Yitian\OneDrive\DepthMRender\chai3d\DepthMapHapticRendering\bin\vc90.pdb'; linking object as if no debug info
     1>chai3d.lib(CFileImageRAW.obj) : warning LNK4099: PDB 'vc90.pdb' was not found with 'chai3d.lib(CFileImageRAW.obj)' or at 'C:\Users\Yitian\OneDrive\DepthMRender\chai3d\DepthMapHapticRendering\bin\vc90.pdb'; linking object as if no debug info
     1>chai3d.lib(CAlgorithmFingerProxy.obj) : warning LNK4099: PDB 'vc90.pdb' was not found with 'chai3d.lib(CAlgorithmFingerProxy.obj)' or at 'C:\Users\Yitian\OneDrive\DepthMRender\chai3d\DepthMapHapticRendering\bin\vc90.pdb'; linking object as if no debug info
     1>chai3d.lib(CAlgorithmPotentialField.obj) : warning LNK4099: PDB 'vc90.pdb' was not found with 'chai3d.lib(CAlgorithmPotentialField.obj)' or at 'C:\Users\Yitian\OneDrive\DepthMRender\chai3d\DepthMapHapticRendering\bin\vc90.pdb'; linking object as if no debug info
     1>chai3d.lib(CGenericForceAlgorithm.obj) : warning LNK4099: PDB 'vc90.pdb' was not found with 'chai3d.lib(CGenericForceAlgorithm.obj)' or at 'C:\Users\Yitian\OneDrive\DepthMRender\chai3d\DepthMapHapticRendering\bin\vc90.pdb'; linking object as if no debug info
     1>chai3d.lib(CColor.obj) : warning LNK4099: PDB 'vc90.pdb' was not found with 'chai3d.lib(CColor.obj)' or at 'C:\Users\Yitian\OneDrive\DepthMRender\chai3d\DepthMapHapticRendering\bin\vc90.pdb'; linking object as if no debug info
     1>chai3d.lib(CDisplayList.obj) : warning LNK4099: PDB 'vc90.pdb' was not found with 'chai3d.lib(CDisplayList.obj)' or at 'C:\Users\Yitian\OneDrive\DepthMRender\chai3d\DepthMapHapticRendering\bin\vc90.pdb'; linking object as if no debug info
     1>chai3d.lib(CDraw3D.obj) : warning LNK4099: PDB 'vc90.pdb' was not found with 'chai3d.lib(CDraw3D.obj)' or at 'C:\Users\Yitian\OneDrive\DepthMRender\chai3d\DepthMapHapticRendering\bin\vc90.pdb'; linking object as if no debug info
     1>chai3d.lib(CFog.obj) : warning LNK4099: PDB 'vc90.pdb' was not found with 'chai3d.lib(CFog.obj)' or at 'C:\Users\Yitian\OneDrive\DepthMRender\chai3d\DepthMapHapticRendering\bin\vc90.pdb'; linking object as if no debug info
     1>chai3d.lib(CFont.obj) : warning LNK4099: PDB 'vc90.pdb' was not found with 'chai3d.lib(CFont.obj)' or at 'C:\Users\Yitian\OneDrive\DepthMRender\chai3d\DepthMapHapticRendering\bin\vc90.pdb'; linking object as if no debug info
     1>chai3d.lib(CImage.obj) : warning LNK4099: PDB 'vc90.pdb' was not found with 'chai3d.lib(CImage.obj)' or at 'C:\Users\Yitian\OneDrive\DepthMRender\chai3d\DepthMapHapticRendering\bin\vc90.pdb'; linking object as if no debug info
     1>chai3d.lib(CPrimitives.obj) : warning LNK4099: PDB 'vc90.pdb' was not found with 'chai3d.lib(CPrimitives.obj)' or at 'C:\Users\Yitian\OneDrive\DepthMRender\chai3d\DepthMapHapticRendering\bin\vc90.pdb'; linking object as if no debug info
     1>chai3d.lib(CTriangleArray.obj) : warning LNK4099: PDB 'vc90.pdb' was not found with 'chai3d.lib(CTriangleArray.obj)' or at 'C:\Users\Yitian\OneDrive\DepthMRender\chai3d\DepthMapHapticRendering\bin\vc90.pdb'; linking object as if no debug info
     1>chai3d.lib(CDirectionalLight.obj) : warning LNK4099: PDB 'vc90.pdb' was not found with 'chai3d.lib(CDirectionalLight.obj)' or at 'C:\Users\Yitian\OneDrive\DepthMRender\chai3d\DepthMapHapticRendering\bin\vc90.pdb'; linking object as if no debug info
     1>chai3d.lib(CGenericLight.obj) : warning LNK4099: PDB 'vc90.pdb' was not found with 'chai3d.lib(CGenericLight.obj)' or at 'C:\Users\Yitian\OneDrive\DepthMRender\chai3d\DepthMapHapticRendering\bin\vc90.pdb'; linking object as if no debug info
     1>chai3d.lib(CPositionalLight.obj) : warning LNK4099: PDB 'vc90.pdb' was not found with 'chai3d.lib(CPositionalLight.obj)' or at 'C:\Users\Yitian\OneDrive\DepthMRender\chai3d\DepthMapHapticRendering\bin\vc90.pdb'; linking object as if no debug info
     1>chai3d.lib(CShadowMap.obj) : warning LNK4099: PDB 'vc90.pdb' was not found with 'chai3d.lib(CShadowMap.obj)' or at 'C:\Users\Yitian\OneDrive\DepthMRender\chai3d\DepthMapHapticRendering\bin\vc90.pdb'; linking object as if no debug info
     1>chai3d.lib(CSpotLight.obj) : warning LNK4099: PDB 'vc90.pdb' was not found with 'chai3d.lib(CSpotLight.obj)' or at 'C:\Users\Yitian\OneDrive\DepthMRender\chai3d\DepthMapHapticRendering\bin\vc90.pdb'; linking object as if no debug info
     1>chai3d.lib(CMaterial.obj) : warning LNK4099: PDB 'vc90.pdb' was not found with 'chai3d.lib(CMaterial.obj)' or at 'C:\Users\Yitian\OneDrive\DepthMRender\chai3d\DepthMapHapticRendering\bin\vc90.pdb'; linking object as if no debug info
     1>chai3d.lib(CTexture1d.obj) : warning LNK4099: PDB 'vc90.pdb' was not found with 'chai3d.lib(CTexture1d.obj)' or at 'C:\Users\Yitian\OneDrive\DepthMRender\chai3d\DepthMapHapticRendering\bin\vc90.pdb'; linking object as if no debug info
     1>chai3d.lib(CTexture2d.obj) : warning LNK4099: PDB 'vc90.pdb' was not found with 'chai3d.lib(CTexture2d.obj)' or at 'C:\Users\Yitian\OneDrive\DepthMRender\chai3d\DepthMapHapticRendering\bin\vc90.pdb'; linking object as if no debug info
     1>chai3d.lib(CShader.obj) : warning LNK4099: PDB 'vc90.pdb' was not found with 'chai3d.lib(CShader.obj)' or at 'C:\Users\Yitian\OneDrive\DepthMRender\chai3d\DepthMapHapticRendering\bin\vc90.pdb'; linking object as if no debug info
     1>chai3d.lib(CShaderProgram.obj) : warning LNK4099: PDB 'vc90.pdb' was not found with 'chai3d.lib(CShaderProgram.obj)' or at 'C:\Users\Yitian\OneDrive\DepthMRender\chai3d\DepthMapHapticRendering\bin\vc90.pdb'; linking object as if no debug info
     1>chai3d.lib(CGlobals.obj) : warning LNK4099: PDB 'vc90.pdb' was not found with 'chai3d.lib(CGlobals.obj)' or at 'C:\Users\Yitian\OneDrive\DepthMRender\chai3d\DepthMapHapticRendering\bin\vc90.pdb'; linking object as if no debug info
     1>chai3d.lib(CString.obj) : warning LNK4099: PDB 'vc90.pdb' was not found with 'chai3d.lib(CString.obj)' or at 'C:\Users\Yitian\OneDrive\DepthMRender\chai3d\DepthMapHapticRendering\bin\vc90.pdb'; linking object as if no debug info
     1>chai3d.lib(CThread.obj) : warning LNK4099: PDB 'vc90.pdb' was not found with 'chai3d.lib(CThread.obj)' or at 'C:\Users\Yitian\OneDrive\DepthMRender\chai3d\DepthMapHapticRendering\bin\vc90.pdb'; linking object as if no debug info
     1>chai3d.lib(CFrequencyCounter.obj) : warning LNK4099: PDB 'vc90.pdb' was not found with 'chai3d.lib(CFrequencyCounter.obj)' or at 'C:\Users\Yitian\OneDrive\DepthMRender\chai3d\DepthMapHapticRendering\bin\vc90.pdb'; linking object as if no debug info
     1>chai3d.lib(CPrecisionClock.obj) : warning LNK4099: PDB 'vc90.pdb' was not found with 'chai3d.lib(CPrecisionClock.obj)' or at 'C:\Users\Yitian\OneDrive\DepthMRender\chai3d\DepthMapHapticRendering\bin\vc90.pdb'; linking object as if no debug info
     1>chai3d.lib(CGenericTool.obj) : warning LNK4099: PDB 'vc90.pdb' was not found with 'chai3d.lib(CGenericTool.obj)' or at 'C:\Users\Yitian\OneDrive\DepthMRender\chai3d\DepthMapHapticRendering\bin\vc90.pdb'; linking object as if no debug info
     1>chai3d.lib(CHapticPoint.obj) : warning LNK4099: PDB 'vc90.pdb' was not found with 'chai3d.lib(CHapticPoint.obj)' or at 'C:\Users\Yitian\OneDrive\DepthMRender\chai3d\DepthMapHapticRendering\bin\vc90.pdb'; linking object as if no debug info
     1>chai3d.lib(CToolCursor.obj) : warning LNK4099: PDB 'vc90.pdb' was not found with 'chai3d.lib(CToolCursor.obj)' or at 'C:\Users\Yitian\OneDrive\DepthMRender\chai3d\DepthMapHapticRendering\bin\vc90.pdb'; linking object as if no debug info
     1>chai3d.lib(CGenericWidget.obj) : warning LNK4099: PDB 'vc90.pdb' was not found with 'chai3d.lib(CGenericWidget.obj)' or at 'C:\Users\Yitian\OneDrive\DepthMRender\chai3d\DepthMapHapticRendering\bin\vc90.pdb'; linking object as if no debug info
     1>chai3d.lib(CLabel.obj) : warning LNK4099: PDB 'vc90.pdb' was not found with 'chai3d.lib(CLabel.obj)' or at 'C:\Users\Yitian\OneDrive\DepthMRender\chai3d\DepthMapHapticRendering\bin\vc90.pdb'; linking object as if no debug info
     1>chai3d.lib(CPanel.obj) : warning LNK4099: PDB 'vc90.pdb' was not found with 'chai3d.lib(CPanel.obj)' or at 'C:\Users\Yitian\OneDrive\DepthMRender\chai3d\DepthMapHapticRendering\bin\vc90.pdb'; linking object as if no debug info
     1>chai3d.lib(CGenericObject.obj) : warning LNK4099: PDB 'vc90.pdb' was not found with 'chai3d.lib(CGenericObject.obj)' or at 'C:\Users\Yitian\OneDrive\DepthMRender\chai3d\DepthMapHapticRendering\bin\vc90.pdb'; linking object as if no debug info
     1>chai3d.lib(CMesh.obj) : warning LNK4099: PDB 'vc90.pdb' was not found with 'chai3d.lib(CMesh.obj)' or at 'C:\Users\Yitian\OneDrive\DepthMRender\chai3d\DepthMapHapticRendering\bin\vc90.pdb'; linking object as if no debug info
     1>chai3d.lib(CShapeSphere.obj) : warning LNK4099: PDB 'vc90.pdb' was not found with 'chai3d.lib(CShapeSphere.obj)' or at 'C:\Users\Yitian\OneDrive\DepthMRender\chai3d\DepthMapHapticRendering\bin\vc90.pdb'; linking object as if no debug info
     1>chai3d.lib(CWorld.obj) : warning LNK4099: PDB 'vc90.pdb' was not found with 'chai3d.lib(CWorld.obj)' or at 'C:\Users\Yitian\OneDrive\DepthMRender\chai3d\DepthMapHapticRendering\bin\vc90.pdb'; linking object as if no debug info
         application-VS2013.vcxproj -> C:\Users\Yitian\OneDrive\DepthMRender\chai3d\DepthMapHapticRendering\RenderDepth3DSurface\..\bin\renderDepthArray.exe
     1>Done Building Project "C:\Users\Yitian\OneDrive\DepthMRender\chai3d\DepthMapHapticRendering\RenderDepth3DSurface\application-VS2013.vcxproj" (Build target(s)).

Build succeeded.

Time Elapsed 00:00:04.72
